0 info it worked if it ends with ok
1 verbose cli [ 'E:\\SOFTWARES\\TOOLS\\NodeJS\\node.exe',
1 verbose cli   'E:\\SOFTWARES\\TOOLS\\NodeJS\\node_modules\\npm\\bin\\npm-cli.js',
1 verbose cli   'install',
1 verbose cli   '@types/react-vis' ]
2 info using npm@3.10.10
3 info using node@v6.11.0
4 silly loadCurrentTree Starting
5 silly install loadCurrentTree
6 silly install readLocalPackageData
7 silly fetchPackageMetaData @types/react-vis
8 silly fetchNamedPackageData @types/react-vis
9 silly mapToRegistry name @types/react-vis
10 silly mapToRegistry scope (from package name) @types
11 verbose mapToRegistry no registry URL found in name for scope @types
12 silly mapToRegistry using default registry
13 silly mapToRegistry registry https://registry.npmjs.org/
14 silly mapToRegistry data Result {
14 silly mapToRegistry   raw: '@types/react-vis',
14 silly mapToRegistry   scope: '@types',
14 silly mapToRegistry   escapedName: '@types%2freact-vis',
14 silly mapToRegistry   name: '@types/react-vis',
14 silly mapToRegistry   rawSpec: '',
14 silly mapToRegistry   spec: 'latest',
14 silly mapToRegistry   type: 'tag' }
15 silly mapToRegistry uri https://registry.npmjs.org/@types%2freact-vis
16 verbose request uri https://registry.npmjs.org/@types%2freact-vis
17 verbose request no auth needed
18 info attempt registry request try #1 at 23:26:28
19 verbose request id 969ff69cf50b01b1
20 http request GET https://registry.npmjs.org/@types%2freact-vis
21 http 404 https://registry.npmjs.org/@types%2freact-vis
22 verbose headers { date: 'Sun, 23 Sep 2018 21:26:28 GMT',
22 verbose headers   'content-type': 'application/json',
22 verbose headers   'content-length': '21',
22 verbose headers   connection: 'keep-alive',
22 verbose headers   'set-cookie': [ '__cfduid=db2f01b9a4942fc79103d1d29bc086aa21537737988; expires=Mon, 23-Sep-19 21:26:28 GMT; path=/; domain=.registry.npmjs.org; HttpOnly' ],
22 verbose headers   'cf-cache-status': 'MISS',
22 verbose headers   'cf-ray': '45f016faee9bb75f-CDG',
22 verbose headers   'expect-ct': 'max-age=604800, report-uri="https://report-uri.cloudflare.com/cdn-cgi/beacon/expect-ct"',
22 verbose headers   vary: 'Accept-Encoding',
22 verbose headers   server: 'cloudflare' }
23 silly get cb [ 404,
23 silly get   { date: 'Sun, 23 Sep 2018 21:26:28 GMT',
23 silly get     'content-type': 'application/json',
23 silly get     'content-length': '21',
23 silly get     connection: 'keep-alive',
23 silly get     'set-cookie': [ '__cfduid=db2f01b9a4942fc79103d1d29bc086aa21537737988; expires=Mon, 23-Sep-19 21:26:28 GMT; path=/; domain=.registry.npmjs.org; HttpOnly' ],
23 silly get     'cf-cache-status': 'MISS',
23 silly get     'cf-ray': '45f016faee9bb75f-CDG',
23 silly get     'expect-ct': 'max-age=604800, report-uri="https://report-uri.cloudflare.com/cdn-cgi/beacon/expect-ct"',
23 silly get     vary: 'Accept-Encoding',
23 silly get     server: 'cloudflare' } ]
24 silly fetchPackageMetaData Error: Not found : @types/react-vis
24 silly fetchPackageMetaData     at makeError (E:\SOFTWARES\TOOLS\NodeJS\node_modules\npm\node_modules\npm-registry-client\lib\request.js:302:12)
24 silly fetchPackageMetaData     at CachingRegistryClient.<anonymous> (E:\SOFTWARES\TOOLS\NodeJS\node_modules\npm\node_modules\npm-registry-client\lib\request.js:290:14)
24 silly fetchPackageMetaData     at Request._callback (E:\SOFTWARES\TOOLS\NodeJS\node_modules\npm\node_modules\npm-registry-client\lib\request.js:210:14)
24 silly fetchPackageMetaData     at Request.self.callback (E:\SOFTWARES\TOOLS\NodeJS\node_modules\npm\node_modules\request\request.js:187:22)
24 silly fetchPackageMetaData     at emitTwo (events.js:106:13)
24 silly fetchPackageMetaData     at Request.emit (events.js:191:7)
24 silly fetchPackageMetaData     at Request.<anonymous> (E:\SOFTWARES\TOOLS\NodeJS\node_modules\npm\node_modules\request\request.js:1048:10)
24 silly fetchPackageMetaData     at emitOne (events.js:96:13)
24 silly fetchPackageMetaData     at Request.emit (events.js:188:7)
24 silly fetchPackageMetaData     at IncomingMessage.<anonymous> (E:\SOFTWARES\TOOLS\NodeJS\node_modules\npm\node_modules\request\request.js:969:12)
24 silly fetchPackageMetaData  error for @types/react-vis { Error: Not found : @types/react-vis
24 silly fetchPackageMetaData     at makeError (E:\SOFTWARES\TOOLS\NodeJS\node_modules\npm\node_modules\npm-registry-client\lib\request.js:302:12)
24 silly fetchPackageMetaData     at CachingRegistryClient.<anonymous> (E:\SOFTWARES\TOOLS\NodeJS\node_modules\npm\node_modules\npm-registry-client\lib\request.js:290:14)
24 silly fetchPackageMetaData     at Request._callback (E:\SOFTWARES\TOOLS\NodeJS\node_modules\npm\node_modules\npm-registry-client\lib\request.js:210:14)
24 silly fetchPackageMetaData     at Request.self.callback (E:\SOFTWARES\TOOLS\NodeJS\node_modules\npm\node_modules\request\request.js:187:22)
24 silly fetchPackageMetaData     at emitTwo (events.js:106:13)
24 silly fetchPackageMetaData     at Request.emit (events.js:191:7)
24 silly fetchPackageMetaData     at Request.<anonymous> (E:\SOFTWARES\TOOLS\NodeJS\node_modules\npm\node_modules\request\request.js:1048:10)
24 silly fetchPackageMetaData     at emitOne (events.js:96:13)
24 silly fetchPackageMetaData     at Request.emit (events.js:188:7)
24 silly fetchPackageMetaData     at IncomingMessage.<anonymous> (E:\SOFTWARES\TOOLS\NodeJS\node_modules\npm\node_modules\request\request.js:969:12) pkgid: '@types/react-vis', statusCode: 404, code: 'E404' }
25 silly rollbackFailedOptional Starting
26 silly rollbackFailedOptional Finishing
27 silly runTopLevelLifecycles Finishing
28 silly install printInstalled
29 verbose stack Error: Not found : @types/react-vis
29 verbose stack     at makeError (E:\SOFTWARES\TOOLS\NodeJS\node_modules\npm\node_modules\npm-registry-client\lib\request.js:302:12)
29 verbose stack     at CachingRegistryClient.<anonymous> (E:\SOFTWARES\TOOLS\NodeJS\node_modules\npm\node_modules\npm-registry-client\lib\request.js:290:14)
29 verbose stack     at Request._callback (E:\SOFTWARES\TOOLS\NodeJS\node_modules\npm\node_modules\npm-registry-client\lib\request.js:210:14)
29 verbose stack     at Request.self.callback (E:\SOFTWARES\TOOLS\NodeJS\node_modules\npm\node_modules\request\request.js:187:22)
29 verbose stack     at emitTwo (events.js:106:13)
29 verbose stack     at Request.emit (events.js:191:7)
29 verbose stack     at Request.<anonymous> (E:\SOFTWARES\TOOLS\NodeJS\node_modules\npm\node_modules\request\request.js:1048:10)
29 verbose stack     at emitOne (events.js:96:13)
29 verbose stack     at Request.emit (events.js:188:7)
29 verbose stack     at IncomingMessage.<anonymous> (E:\SOFTWARES\TOOLS\NodeJS\node_modules\npm\node_modules\request\request.js:969:12)
30 verbose statusCode 404
31 verbose pkgid @types/react-vis
32 verbose cwd C:\Users\Mathieu Jacob\Desktop\4PJT_Resit_All\4PJTResit\Mathieu\GoodBurger
33 error Windows_NT 10.0.17134
34 error argv "E:\\SOFTWARES\\TOOLS\\NodeJS\\node.exe" "E:\\SOFTWARES\\TOOLS\\NodeJS\\node_modules\\npm\\bin\\npm-cli.js" "install" "@types/react-vis"
35 error node v6.11.0
36 error npm  v3.10.10
37 error code E404
38 error 404 Not found : @types/react-vis
39 error 404
40 error 404 '@types/react-vis' is not in the npm registry.
41 error 404 You should bug the author to publish it (or use the name yourself!)
42 error 404 Note that you can also install from a
43 error 404 tarball, folder, http url, or git url.
44 verbose exit [ 1, true ]
